<?xml version="1.0" encoding="UTF-8"?>
<testsuite xmlns:xsi="http://www.w3.org/2001/XMLSchema-instance" xsi:noNamespaceSchemaLocation="https://maven.apache.org/surefire/maven-surefire-plugin/xsd/surefire-test-report.xsd" version="3.0.2" name="runners.TestRunner" time="13.075" tests="3" errors="0" skipped="0" failures="0">
  <properties>
[...]
</properties>
  <testcase name="Comprar un producto exitosamente" classname="Flujo de compra en Sauce Demo" time="9.046">
    <system-out><![CDATA[
Scenario: Comprar un producto exitosamente                                                &amp#27;[90m# src/test/java/features/checkout.feature:3&amp#27;[0m
  &amp#27;[32mGiven &amp#27;[0m&amp#27;[32mque inicio sesión con usuario &amp#27;[0m&amp#27;[32m&amp#27;[1m"standard_user"&amp#27;[0m&amp#27;[32m y contraseña &amp#27;[0m&amp#27;[32m&amp#27;[1m"secret_sauce"&amp#27;[0m         &amp#27;[90m# steps.CheckoutSteps.login(java.lang.String,java.lang.String)&amp#27;[0m
  &amp#27;[32mWhen &amp#27;[0m&amp#27;[32magrego el producto &amp#27;[0m&amp#27;[32m&amp#27;[1m"Sauce Labs Backpack"&amp#27;[0m&amp#27;[32m al carrito&amp#27;[0m                                &amp#27;[90m# steps.CheckoutSteps.agregarProducto(java.lang.String)&amp#27;[0m
  &amp#27;[32mAnd &amp#27;[0m&amp#27;[32mprocedo al checkout con nombre &amp#27;[0m&amp#27;[32m&amp#27;[1m"Dayhanna"&amp#27;[0m&amp#27;[32m, apellido &amp#27;[0m&amp#27;[32m&amp#27;[1m"Campos"&amp#27;[0m&amp#27;[32m, código postal &amp#27;[0m&amp#27;[32m&amp#27;[1m"15001"&amp#27;[0m &amp#27;[90m# steps.CheckoutSteps.checkout(java.lang.String,java.lang.String,java.lang.String)&amp#27;[0m
Confirmación: Thank you for your order!
  &amp#27;[32mThen &amp#27;[0m&amp#27;[32mdebería ver el mensaje &amp#27;[0m&amp#27;[32m&amp#27;[1m"Thank you for your order!"&amp#27;[0m                                 &amp#27;[90m# steps.CheckoutSteps.validarMensaje(java.lang.String)&amp#27;[0m
]]></system-out>
  </testcase>
  <testcase name="Login exitoso con usuario estándar" classname="Login en Sauce Demo" time="1.891">
    <system-out><![CDATA[
Scenario: Login exitoso con usuario estándar                       &amp#27;[90m# src/test/java/features/login.feature:3&amp#27;[0m
  &amp#27;[32mGiven &amp#27;[0m&amp#27;[32mque estoy en la página de login&amp#27;[0m                            &amp#27;[90m# steps.LoginSteps.abrirLogin()&amp#27;[0m
  &amp#27;[32mWhen &amp#27;[0m&amp#27;[32mingreso usuario &amp#27;[0m&amp#27;[32m&amp#27;[1m"standard_user"&amp#27;[0m&amp#27;[32m y contraseña &amp#27;[0m&amp#27;[32m&amp#27;[1m"secret_sauce"&amp#27;[0m &amp#27;[90m# steps.LoginSteps.ingresarCredenciales(java.lang.String,java.lang.String)&amp#27;[0m
  &amp#27;[32mThen &amp#27;[0m&amp#27;[32mdebería ver la página de productos&amp#27;[0m                          &amp#27;[90m# steps.LoginSteps.validarProductos()&amp#27;[0m
]]></system-out>
  </testcase>
  <testcase name="Login fallido con usuario bloqueado" classname="Login en Sauce Demo" time="1.68">
    <system-out><![CDATA[
Scenario: Login fallido con usuario bloqueado                        &amp#27;[90m# src/test/java/features/login.feature:8&amp#27;[0m
  &amp#27;[32mGiven &amp#27;[0m&amp#27;[32mque estoy en la página de login&amp#27;[0m                              &amp#27;[90m# steps.LoginSteps.abrirLogin()&amp#27;[0m
  &amp#27;[32mWhen &amp#27;[0m&amp#27;[32mingreso usuario &amp#27;[0m&amp#27;[32m&amp#27;[1m"locked_out_user"&amp#27;[0m&amp#27;[32m y contraseña &amp#27;[0m&amp#27;[32m&amp#27;[1m"secret_sauce"&amp#27;[0m &amp#27;[90m# steps.LoginSteps.ingresarCredenciales(java.lang.String,java.lang.String)&amp#27;[0m
Mensaje de error: Epic sadface: Sorry, this user has been locked out.
  &amp#27;[32mThen &amp#27;[0m&amp#27;[32mdebería ver un mensaje de error&amp#27;[0m                               &amp#27;[90m# steps.LoginSteps.validarError()&amp#27;[0m
]]></system-out>
  </testcase>
</testsuite>